<?xml version="1.0" encoding="UTF-8"?>
<!-- Generated by org.testng.reporters.JUnitReportReporter -->
<testsuite hostname="DESKTOP-VECQEDQ" failures="0" tests="1" name="Tests.LoginTest2" time="28.617" errors="0" timestamp="2023-07-03T18:04:55 IST" skipped="0">
  <testcase classname="Tests.LoginTest2" name="verifyLoginUrl" time="28.617"/>
  <system-out/>
</testsuite> <!-- Tests.LoginTest2 -->
